<?xml version="1.0" encoding="UTF-8" ?>
<testsuite tests="9" failures="0" name="io.prometheus.client.SummaryTest" time="2.81" errors="0" skipped="0">
  <properties>
[...]
</properties>
  <testcase classname="io.prometheus.client.SummaryTest" name="testObserve" time="0"/>
  <testcase classname="io.prometheus.client.SummaryTest" name="testCollectWithQuantiles" time="0"/>
  <testcase classname="io.prometheus.client.SummaryTest" name="testTimer" time="0"/>
  <testcase classname="io.prometheus.client.SummaryTest" name="testQuantiles" time="1.606"/>
  <testcase classname="io.prometheus.client.SummaryTest" name="testChildAndValuePublicApi" time="0.001"/>
  <testcase classname="io.prometheus.client.SummaryTest" name="testCollect" time="0"/>
  <testcase classname="io.prometheus.client.SummaryTest" name="noLabelsDefaultZeroValue" time="0.001"/>
  <testcase classname="io.prometheus.client.SummaryTest" name="testLabels" time="0"/>
  <testcase classname="io.prometheus.client.SummaryTest" name="testMaxAge" time="1.202"/>
</testsuite>